c:\users\yrao\documents\visual studio 2015\projects\colormapper\colormapper\debug\colormapper.pch
c:\users\yrao\documents\visual studio 2015\projects\colormapper\colormapper\debug\vc140.pdb
c:\users\yrao\documents\visual studio 2015\projects\colormapper\colormapper\debug\vc140.idb
c:\users\yrao\documents\visual studio 2015\projects\colormapper\colormapper\debug\stdafx.obj
c:\users\yrao\documents\visual studio 2015\projects\colormapper\colormapper\debug\colormapper.obj
c:\users\yrao\documents\visual studio 2015\projects\colormapper\colormapper\debug\colormapperdlg.obj
c:\users\yrao\documents\visual studio 2015\projects\colormapper\colormapper\debug\colorpickerdialog.obj
c:\users\yrao\documents\visual studio 2015\projects\colormapper\colormapper\debug\colormapper.res
c:\users\yrao\documents\visual studio 2015\projects\colormapper\debug\colormapper.pdb
c:\users\yrao\documents\visual studio 2015\projects\colormapper\colormapper\debug\colormapper.tlog\cl.command.1.tlog
c:\users\yrao\documents\visual studio 2015\projects\colormapper\colormapper\debug\colormapper.tlog\cl.read.1.tlog
c:\users\yrao\documents\visual studio 2015\projects\colormapper\colormapper\debug\colormapper.tlog\cl.write.1.tlog
c:\users\yrao\documents\visual studio 2015\projects\colormapper\colormapper\debug\colormapper.tlog\link.5428-cvtres.read.1.tlog
c:\users\yrao\documents\visual studio 2015\projects\colormapper\colormapper\debug\colormapper.tlog\link.5428-cvtres.write.1.tlog
c:\users\yrao\documents\visual studio 2015\projects\colormapper\colormapper\debug\colormapper.tlog\link.5428-mt.read.1.tlog
c:\users\yrao\documents\visual studio 2015\projects\colormapper\colormapper\debug\colormapper.tlog\link.5428-mt.write.1.tlog
c:\users\yrao\documents\visual studio 2015\projects\colormapper\colormapper\debug\colormapper.tlog\link.5428-rc.read.1.tlog
c:\users\yrao\documents\visual studio 2015\projects\colormapper\colormapper\debug\colormapper.tlog\link.5428-rc.write.1.tlog
c:\users\yrao\documents\visual studio 2015\projects\colormapper\colormapper\debug\colormapper.tlog\link.5428.read.1.tlog
c:\users\yrao\documents\visual studio 2015\projects\colormapper\colormapper\debug\colormapper.tlog\link.5428.write.1.tlog
c:\users\yrao\documents\visual studio 2015\projects\colormapper\colormapper\debug\colormapper.tlog\link.command.1.tlog
c:\users\yrao\documents\visual studio 2015\projects\colormapper\colormapper\debug\colormapper.tlog\link.read.1.tlog
c:\users\yrao\documents\visual studio 2015\projects\colormapper\colormapper\debug\colormapper.tlog\link.write.1.tlog
c:\users\yrao\documents\visual studio 2015\projects\colormapper\colormapper\debug\colormapper.tlog\rc.command.1.tlog
c:\users\yrao\documents\visual studio 2015\projects\colormapper\colormapper\debug\colormapper.tlog\rc.read.1.tlog
c:\users\yrao\documents\visual studio 2015\projects\colormapper\colormapper\debug\colormapper.tlog\rc.write.1.tlog
