c:\users\yrao\documents\visual studio 2015\projects\colormapper\colormapper\x64\debug\colormapper.pch
c:\users\yrao\documents\visual studio 2015\projects\colormapper\colormapper\x64\debug\vc140.pdb
c:\users\yrao\documents\visual studio 2015\projects\colormapper\colormapper\x64\debug\vc140.idb
c:\users\yrao\documents\visual studio 2015\projects\colormapper\colormapper\x64\debug\stdafx.obj
c:\users\yrao\documents\visual studio 2015\projects\colormapper\colormapper\x64\debug\colormapper.obj
c:\users\yrao\documents\visual studio 2015\projects\colormapper\colormapper\x64\debug\colormapperdlg.obj
c:\users\yrao\documents\visual studio 2015\projects\colormapper\colormapper\x64\debug\dmrreader.obj
c:\users\yrao\documents\visual studio 2015\projects\colormapper\colormapper\x64\debug\falsecolorpickerdialog.obj
c:\users\yrao\documents\visual studio 2015\projects\colormapper\colormapper\x64\debug\matcimageconverter.obj
c:\users\yrao\documents\visual studio 2015\projects\colormapper\colormapper\x64\debug\matimagedialog.obj
c:\users\yrao\documents\visual studio 2015\projects\colormapper\x64\debug\colormapper.ilk
c:\users\yrao\documents\visual studio 2015\projects\colormapper\x64\debug\colormapper.exe
c:\users\yrao\documents\visual studio 2015\projects\colormapper\x64\debug\colormapper.pdb
c:\users\yrao\documents\visual studio 2015\projects\colormapper\colormapper\x64\debug\colormapper.res
c:\users\yrao\documents\visual studio 2015\projects\colormapper\colormapper\x64\debug\colormapper.tlog\cl.command.1.tlog
c:\users\yrao\documents\visual studio 2015\projects\colormapper\colormapper\x64\debug\colormapper.tlog\cl.read.1.tlog
c:\users\yrao\documents\visual studio 2015\projects\colormapper\colormapper\x64\debug\colormapper.tlog\cl.write.1.tlog
c:\users\yrao\documents\visual studio 2015\projects\colormapper\colormapper\x64\debug\colormapper.tlog\link.command.1.tlog
c:\users\yrao\documents\visual studio 2015\projects\colormapper\colormapper\x64\debug\colormapper.tlog\link.read.1.tlog
c:\users\yrao\documents\visual studio 2015\projects\colormapper\colormapper\x64\debug\colormapper.tlog\link.write.1.tlog
c:\users\yrao\documents\visual studio 2015\projects\colormapper\colormapper\x64\debug\colormapper.tlog\rc.command.1.tlog
c:\users\yrao\documents\visual studio 2015\projects\colormapper\colormapper\x64\debug\colormapper.tlog\rc.read.1.tlog
c:\users\yrao\documents\visual studio 2015\projects\colormapper\colormapper\x64\debug\colormapper.tlog\rc.write.1.tlog
